Log file open, 05/16/20 22:39:42
LogWindows: Failed to load 'aqProf.dll' (GetLastError=126)
LogWindows: File 'aqProf.dll' does not exist
LogWindows: Failed to load 'VtuneApi.dll' (GetLastError=126)
LogWindows: File 'VtuneApi.dll' does not exist
LogWindows: Failed to load 'VtuneApi32e.dll' (GetLastError=126)
LogWindows: File 'VtuneApi32e.dll' does not exist
LogConsoleResponse: Display: Failed to find resolution value strings in scalability ini. Falling back to default.
LogInit: Display: Running engine for game: CardGameDemoWithInterfaces
LogPlatformFile: Not using cached read wrapper
LogTaskGraph: Started task graph with 5 named threads and 11 total threads with 3 sets of task threads.
LogStats: Stats thread started at 0.110504
LogD3D11RHI: Loaded GFSDK_Aftermath_Lib.x64.dll
LogICUInternationalization: ICU TimeZone Detection - Raw Offset: +1:00, Platform Override: ''
LogPluginManager: Mounting plugin Paper2D
LogPluginManager: Mounting plugin AISupport
LogPluginManager: Mounting plugin LightPropagationVolume
LogPluginManager: Mounting plugin ActorLayerUtilities
LogPluginManager: Mounting plugin AnimationSharing
LogPluginManager: Mounting plugin CLionSourceCodeAccess
LogPluginManager: Mounting plugin CodeLiteSourceCodeAccess
LogPluginManager: Mounting plugin GitSourceControl
LogPluginManager: Mounting plugin KDevelopSourceCodeAccess
LogPluginManager: Mounting plugin NullSourceCodeAccess
LogPluginManager: Mounting plugin PerforceSourceControl
LogPluginManager: Mounting plugin PlasticSourceControl
LogPluginManager: Mounting plugin SubversionSourceControl
LogPluginManager: Mounting plugin UObjectPlugin
LogPluginManager: Mounting plugin VisualStudioCodeSourceCodeAccess
LogPluginManager: Mounting plugin VisualStudioSourceCodeAccess
LogPluginManager: Mounting plugin XCodeSourceCodeAccess
LogPluginManager: Mounting plugin AssetManagerEditor
LogPluginManager: Mounting plugin CryptoKeys
LogPluginManager: Mounting plugin CurveEditorTools
LogPluginManager: Mounting plugin DataValidation
LogPluginManager: Mounting plugin FacialAnimation
LogPluginManager: Mounting plugin GameplayTagsEditor
LogPluginManager: Mounting plugin MacGraphicsSwitching
LogPluginManager: Mounting plugin MaterialAnalyzer
LogPluginManager: Mounting plugin MobileLauncherProfileWizard
LogPluginManager: Mounting plugin PluginBrowser
LogPluginManager: Mounting plugin SpeedTreeImporter
LogPluginManager: Mounting plugin DatasmithContent
LogPluginManager: Mounting plugin VariantManagerContent
LogPluginManager: Mounting plugin AlembicImporter
LogPluginManager: Mounting plugin AutomationUtils
LogPluginManager: Mounting plugin BackChannel
LogPluginManager: Mounting plugin CharacterAI
LogPluginManager: Mounting plugin GeometryCache
LogPluginManager: Mounting plugin PlatformCrypto
LogPluginManager: Mounting plugin ProxyLODPlugin
LogPluginManager: Mounting plugin SkeletalReduction
LogPluginManager: Mounting plugin MagicLeap
LogPluginManager: Mounting plugin MagicLeapMedia
LogPluginManager: Mounting plugin MLSDK
LogPluginManager: Mounting plugin AndroidMedia
LogPluginManager: Mounting plugin AvfMedia
LogPluginManager: Mounting plugin ImgMedia
LogPluginManager: Mounting plugin MediaCompositing
LogPluginManager: Mounting plugin MediaPlayerEditor
LogPluginManager: Mounting plugin WebMMedia
LogPluginManager: Mounting plugin WmfMedia
LogPluginManager: Mounting plugin TcpMessaging
LogPluginManager: Mounting plugin UdpMessaging
LogPluginManager: Mounting plugin ActorSequence
LogPluginManager: Mounting plugin LevelSequenceEditor
LogPluginManager: Mounting plugin MatineeToLevelSequence
LogPluginManager: Mounting plugin NetcodeUnitTest
LogPluginManager: Mounting plugin NUTUnrealEngine4
LogPluginManager: Mounting plugin OnlineSubsystemGooglePlay
LogPluginManager: Mounting plugin OnlineSubsystemIOS
LogPluginManager: Mounting plugin OnlineSubsystem
LogPluginManager: Mounting plugin OnlineSubsystemNull
LogPluginManager: Mounting plugin OnlineSubsystemUtils
LogPluginManager: Mounting plugin LauncherChunkInstaller
LogPluginManager: Mounting plugin AndroidDeviceProfileSelector
LogPluginManager: Mounting plugin AndroidMoviePlayer
LogPluginManager: Mounting plugin AndroidPermission
LogPluginManager: Mounting plugin AppleImageUtils
LogPluginManager: Mounting plugin AppleMoviePlayer
LogPluginManager: Mounting plugin ArchVisCharacter
LogPluginManager: Mounting plugin AssetTags
LogPluginManager: Mounting plugin AudioCapture
LogPluginManager: Mounting plugin CableComponent
LogPluginManager: Mounting plugin CustomMeshComponent
LogPluginManager: Mounting plugin EditableMesh
LogPluginManager: Mounting plugin ExampleDeviceProfileSelector
LogPluginManager: Mounting plugin GoogleCloudMessaging
LogPluginManager: Mounting plugin IOSDeviceProfileSelector
LogPluginManager: Mounting plugin LinuxDeviceProfileSelector
LogPluginManager: Mounting plugin LocationServicesBPLibrary
LogPluginManager: Mounting plugin MobilePatchingUtils
LogPluginManager: Mounting plugin OculusVR
LogPluginManager: Mounting plugin PhysXVehicles
LogPluginManager: Mounting plugin PostSplashScreen
LogPluginManager: Mounting plugin ProceduralMeshComponent
LogPluginManager: Mounting plugin RuntimePhysXCooking
LogPluginManager: Mounting plugin SignificanceManager
LogPluginManager: Mounting plugin SteamVR
LogPluginManager: Mounting plugin WebMMoviePlayer
LogPluginManager: Mounting plugin WindowsMoviePlayer
LogPluginManager: Mounting plugin ScreenshotTools
LogInit: Using libcurl 7.55.1-DEV
LogInit:  - built for x86_64-pc-win32
LogInit:  - supports SSL with OpenSSL/1.1.1
LogInit:  - supports HTTP deflate (compression) using libz 1.2.8
LogInit:  - other features:
LogInit:      CURL_VERSION_SSL
LogInit:      CURL_VERSION_LIBZ
LogInit:      CURL_VERSION_IPV6
LogInit:      CURL_VERSION_ASYNCHDNS
LogInit:      CURL_VERSION_LARGEFILE
LogInit:      CURL_VERSION_IDN
LogInit:  CurlRequestOptions (configurable via config and command line):
LogInit:  - bVerifyPeer = true  - Libcurl will verify peer certificate
LogInit:  - bUseHttpProxy = false  - Libcurl will NOT use HTTP proxy
LogInit:  - bDontReuseConnections = false  - Libcurl will reuse connections
LogInit:  - MaxHostConnections = 16  - Libcurl will limit the number of connections to a host
LogInit:  - LocalHostAddr = Default
LogInit:  - BufferSize = 65536
LogOnline: OSS: Creating online subsystem instance for: NULL
LogInit: WinSock: version 1.1 (2.2), MaxSocks=32767, MaxUdp=65467
LogOnline: OSS: TryLoadSubsystemAndSetDefault: Loaded subsystem for module [NULL]
LogInit: Build: ++UE4+Release-4.24-CL-11590370
LogInit: Engine Version: 4.24.3-11590370+++UE4+Release-4.24
LogInit: Compatible Engine Version: 4.24.0-10570792+++UE4+Release-4.24
LogInit: Net CL: 10570792
LogInit: OS: Windows 10 (Release 1809) (), CPU: Intel(R) Core(TM) i5-7200U CPU @ 2.50GHz, GPU: Intel(R) HD Graphics 620
LogInit: Compiled (64-bit): Feb 24 2020 15:39:18
LogInit: Compiled with Visual C++: 19.16.27032.01
LogInit: Build Configuration: Development
LogInit: Branch Name: ++UE4+Release-4.24
LogInit: Command Line: 
LogInit: Base Directory: C:/Program Files/Epic Games/UE_4.24/Engine/Binaries/Win64/
LogInit: Installed Engine Build: 1
LogDevObjectVersion: Number of dev versions registered: 25
LogDevObjectVersion:   Dev-Blueprints (B0D832E4-1F89-4F0D-ACCF-7EB736FD4AA2): 10
LogDevObjectVersion:   Dev-Build (E1C64328-A22C-4D53-A36C-8E866417BD8C): 0
LogDevObjectVersion:   Dev-Core (375EC13C-06E4-48FB-B500-84F0262A717E): 3
LogDevObjectVersion:   Dev-Editor (E4B068ED-F494-42E9-A231-DA0B2E46BB41): 37
LogDevObjectVersion:   Dev-Framework (CFFC743F-43B0-4480-9391-14DF171D2073): 36
LogDevObjectVersion:   Dev-Mobile (B02B49B5-BB20-44E9-A304-32B752E40360): 2
LogDevObjectVersion:   Dev-Networking (A4E4105C-59A1-49B5-A7C5-40C4547EDFEE): 0
LogDevObjectVersion:   Dev-Online (39C831C9-5AE6-47DC-9A44-9C173E1C8E7C): 0
LogDevObjectVersion:   Dev-Physics (78F01B33-EBEA-4F98-B9B4-84EACCB95AA2): 2
LogDevObjectVersion:   Dev-Platform (6631380F-2D4D-43E0-8009-CF276956A95A): 0
LogDevObjectVersion:   Dev-Rendering (12F88B9F-8875-4AFC-A67C-D90C383ABD29): 36
LogDevObjectVersion:   Dev-Sequencer (7B5AE74C-D270-4C10-A958-57980B212A5A): 11
LogDevObjectVersion:   Dev-VR (D7296918-1DD6-4BDD-9DE2-64A83CC13884): 2
LogDevObjectVersion:   Dev-LoadTimes (C2A15278-BFE7-4AFE-6C17-90FF531DF755): 1
LogDevObjectVersion:   Private-Geometry (6EACA3D4-40EC-4CC1-B786-8BED09428FC5): 3
LogDevObjectVersion:   Dev-AnimPhys (29E575DD-E0A3-4627-9D10-D276232CDCEA): 17
LogDevObjectVersion:   Dev-Anim (AF43A65D-7FD3-4947-9873-3E8ED9C1BB05): 2
LogDevObjectVersion:   Dev-ReflectionCapture (6B266CEC-1EC7-4B8F-A30B-E4D90942FC07): 1
LogDevObjectVersion:   Dev-Automation (0DF73D61-A23F-47EA-B727-89E90C41499A): 1
LogDevObjectVersion:   FortniteMain (601D1886-AC64-4F84-AA16-D3DE0DEAC7D6): 31
LogDevObjectVersion:   Dev-Enterprise (9DFFBCD6-494F-0158-E221-12823C92A888): 8
LogDevObjectVersion:   Dev-Niagara (F2AED0AC-9AFE-416F-8664-AA7FFA26D6FC): 1
LogDevObjectVersion:   Dev-Destruction (174F1F0B-B4C6-45A5-B13F-2EE8D0FB917D): 9
LogDevObjectVersion:   Dev-Physics-Ext (35F94A83-E258-406C-A318-09F59610247C): 8
LogDevObjectVersion:   Dev-CineCamera (B2E18506-4273-CFC2-A54E-F4BB758BBA07): 1
LogInit: Presizing for max 25165824 objects, including 0 objects not considered by GC, pre-allocating 0 bytes for permanent pool.
LogInit: Object subsystem initialized
LogConfig: Setting CVar [[con.DebugEarlyDefault:1]]
LogConfig: Setting CVar [[r.setres:1280x720]]
[2020.05.16-20.39.42:631][  0]LogConfig: Setting CVar [[r.VSync:0]]
[2020.05.16-20.39.42:631][  0]LogConfig: Setting CVar [[r.RHICmdBypass:0]]
[2020.05.16-20.39.42:631][  0]LogConfig: Applying CVar settings from Section [/Script/Engine.RendererSettings] File [C:/Users/sshth/Downloads/Compressed/CardGameDemoWithInterfaces_3/CardGameDemoWithInterfaces - Copy/Saved/Config/Windows/Engine.ini]
[2020.05.16-20.39.42:631][  0]LogConfig: Setting CVar [[r.GPUCrashDebugging:0]]
[2020.05.16-20.39.42:631][  0]LogConfig: Setting CVar [[r.DefaultFeature.MotionBlur:0]]
[2020.05.16-20.39.42:631][  0]LogConfig: Setting CVar [[r.DefaultFeature.AntiAliasing:0]]
[2020.05.16-20.39.42:631][  0]LogConfig: Setting CVar [[r.DefaultFeature.AmbientOcclusion:0]]
[2020.05.16-20.39.42:631][  0]LogConfig: Applying CVar settings from Section [/Script/Engine.RendererOverrideSettings] File [C:/Users/sshth/Downloads/Compressed/CardGameDemoWithInterfaces_3/CardGameDemoWithInterfaces - Copy/Saved/Config/Windows/Engine.ini]
[2020.05.16-20.39.42:631][  0]LogConfig: Applying CVar settings from Section [/Script/Engine.StreamingSettings] File [C:/Users/sshth/Downloads/Compressed/CardGameDemoWithInterfaces_3/CardGameDemoWithInterfaces - Copy/Saved/Config/Windows/Engine.ini]
[2020.05.16-20.39.42:631][  0]LogConfig: Setting CVar [[s.MinBulkDataSizeForAsyncLoading:131072]]
[2020.05.16-20.39.42:631][  0]LogConfig: Setting CVar [[s.AsyncLoadingThreadEnabled:0]]
[2020.05.16-20.39.42:631][  0]LogConfig: Setting CVar [[s.EventDrivenLoaderEnabled:1]]
[2020.05.16-20.39.42:631][  0]LogConfig: Setting CVar [[s.WarnIfTimeLimitExceeded:0]]
[2020.05.16-20.39.42:632][  0]LogConfig: Setting CVar [[s.TimeLimitExceededMultiplier:1.5]]
[2020.05.16-20.39.42:632][  0]LogConfig: Setting CVar [[s.TimeLimitExceededMinTime:0.005]]
[2020.05.16-20.39.42:632][  0]LogConfig: Setting CVar [[s.UseBackgroundLevelStreaming:1]]
[2020.05.16-20.39.42:632][  0]LogConfig: Setting CVar [[s.PriorityAsyncLoadingExtraTime:15.0]]
[2020.05.16-20.39.42:632][  0]LogConfig: Setting CVar [[s.LevelStreamingActorsUpdateTimeLimit:5.0]]
[2020.05.16-20.39.42:632][  0]LogConfig: Setting CVar [[s.PriorityLevelStreamingActorsUpdateExtraTime:5.0]]
[2020.05.16-20.39.42:632][  0]LogConfig: Setting CVar [[s.LevelStreamingComponentsRegistrationGranularity:10]]
[2020.05.16-20.39.42:632][  0]LogConfig: Setting CVar [[s.UnregisterComponentsTimeLimit:1.0]]
[2020.05.16-20.39.42:632][  0]LogConfig: Setting CVar [[s.LevelStreamingComponentsUnregistrationGranularity:5]]
[2020.05.16-20.39.42:632][  0]LogConfig: Setting CVar [[s.FlushStreamingOnExit:1]]
[2020.05.16-20.39.42:632][  0]LogConfig: Applying CVar settings from Section [/Script/Engine.GarbageCollectionSettings] File [C:/Users/sshth/Downloads/Compressed/CardGameDemoWithInterfaces_3/CardGameDemoWithInterfaces - Copy/Saved/Config/Windows/Engine.ini]
[2020.05.16-20.39.42:632][  0]LogConfig: Setting CVar [[gc.MaxObjectsNotConsideredByGC:1]]
[2020.05.16-20.39.42:632][  0]LogConfig: Setting CVar [[gc.SizeOfPermanentObjectPool:0]]
[2020.05.16-20.39.42:632][  0]LogConfig: Setting CVar [[gc.FlushStreamingOnGC:0]]
[2020.05.16-20.39.42:632][  0]LogConfig: Setting CVar [[gc.NumRetriesBeforeForcingGC:10]]
[2020.05.16-20.39.42:632][  0]LogConfig: Setting CVar [[gc.AllowParallelGC:1]]
[2020.05.16-20.39.42:632][  0]LogConfig: Setting CVar [[gc.TimeBetweenPurgingPendingKillObjects:61.1]]
[2020.05.16-20.39.42:632][  0]LogConfig: Setting CVar [[gc.MaxObjectsInEditor:25165824]]
[2020.05.16-20.39.42:632][  0]LogConfig: Setting CVar [[gc.IncrementalBeginDestroyEnabled:1]]
[2020.05.16-20.39.42:632][  0]LogConfig: Setting CVar [[gc.CreateGCClusters:1]]
[2020.05.16-20.39.42:632][  0]LogConfig: Setting CVar [[gc.MinGCClusterSize:5]]
[2020.05.16-20.39.42:632][  0]LogConfig: Setting CVar [[gc.ActorClusteringEnabled:0]]
[2020.05.16-20.39.42:632][  0]LogConfig: Setting CVar [[gc.BlueprintClusteringEnabled:0]]
[2020.05.16-20.39.42:632][  0]LogConfig: Setting CVar [[gc.UseDisregardForGCOnDedicatedServers:0]]
[2020.05.16-20.39.42:632][  0]LogConfig: Applying CVar settings from Section [/Script/Engine.NetworkSettings] File [C:/Users/sshth/Downloads/Compressed/CardGameDemoWithInterfaces_3/CardGameDemoWithInterfaces - Copy/Saved/Config/Windows/Engine.ini]
[2020.05.16-20.39.42:632][  0]LogConfig: Applying CVar settings from Section [/Script/UnrealEd.CookerSettings] File [C:/Users/sshth/Downloads/Compressed/CardGameDemoWithInterfaces_3/CardGameDemoWithInterfaces - Copy/Saved/Config/Windows/Engine.ini]
[2020.05.16-20.39.42:635][  0]LogConfig: Applying CVar settings from Section [ViewDistanceQuality@3] File [C:/Users/sshth/Downloads/Compressed/CardGameDemoWithInterfaces_3/CardGameDemoWithInterfaces - Copy/Saved/Config/Windows/Scalability.ini]
[2020.05.16-20.39.42:635][  0]LogConfig: Setting CVar [[r.SkeletalMeshLODBias:0]]
[2020.05.16-20.39.42:635][  0]LogConfig: Setting CVar [[r.ViewDistanceScale:1.0]]
[2020.05.16-20.39.42:635][  0]LogConfig: Applying CVar settings from Section [AntiAliasingQuality@3] File [C:/Users/sshth/Downloads/Compressed/CardGameDemoWithInterfaces_3/CardGameDemoWithInterfaces - Copy/Saved/Config/Windows/Scalability.ini]
[2020.05.16-20.39.42:635][  0]LogConfig: Setting CVar [[r.PostProcessAAQuality:4]]
[2020.05.16-20.39.42:636][  0]LogConfig: Applying CVar settings from Section [ShadowQuality@3] File [C:/Users/sshth/Downloads/Compressed/CardGameDemoWithInterfaces_3/CardGameDemoWithInterfaces - Copy/Saved/Config/Windows/Scalability.ini]
[2020.05.16-20.39.42:636][  0]LogConfig: Setting CVar [[r.LightFunctionQuality:1]]
[2020.05.16-20.39.42:636][  0]LogConfig: Setting CVar [[r.ShadowQuality:5]]
[2020.05.16-20.39.42:636][  0]LogConfig: Setting CVar [[r.Shadow.CSM.MaxCascades:10]]
[2020.05.16-20.39.42:636][  0]LogConfig: Setting CVar [[r.Shadow.MaxResolution:2048]]
[2020.05.16-20.39.42:636][  0]LogConfig: Setting CVar [[r.Shadow.MaxCSMResolution:2048]]
[2020.05.16-20.39.42:636][  0]LogConfig: Setting CVar [[r.Shadow.RadiusThreshold:0.01]]
[2020.05.16-20.39.42:636][  0]LogConfig: Setting CVar [[r.Shadow.DistanceScale:1.0]]
[2020.05.16-20.39.42:636][  0]LogConfig: Setting CVar [[r.Shadow.CSM.TransitionScale:1.0]]
[2020.05.16-20.39.42:636][  0]LogConfig: Setting CVar [[r.Shadow.PreShadowResolutionFactor:1.0]]
[2020.05.16-20.39.42:636][  0]LogConfig: Setting CVar [[r.DistanceFieldShadowing:1]]
[2020.05.16-20.39.42:636][  0]LogConfig: Setting CVar [[r.DistanceFieldAO:1]]
[2020.05.16-20.39.42:636][  0]LogConfig: Setting CVar [[r.AOQuality:2]]
[2020.05.16-20.39.42:636][  0]LogConfig: Setting CVar [[r.VolumetricFog:1]]
[2020.05.16-20.39.42:636][  0]LogConfig: Setting CVar [[r.VolumetricFog.GridPixelSize:8]]
[2020.05.16-20.39.42:636][  0]LogConfig: Setting CVar [[r.VolumetricFog.GridSizeZ:128]]
[2020.05.16-20.39.42:636][  0]LogConfig: Setting CVar [[r.VolumetricFog.HistoryMissSupersampleCount:4]]
[2020.05.16-20.39.42:636][  0]LogConfig: Setting CVar [[r.LightMaxDrawDistanceScale:1]]
[2020.05.16-20.39.42:636][  0]LogConfig: Setting CVar [[r.CapsuleShadows:1]]
[2020.05.16-20.39.42:636][  0]LogConfig: Applying CVar settings from Section [PostProcessQuality@3] File [C:/Users/sshth/Downloads/Compressed/CardGameDemoWithInterfaces_3/CardGameDemoWithInterfaces - Copy/Saved/Config/Windows/Scalability.ini]
[2020.05.16-20.39.42:636][  0]LogConfig: Setting CVar [[r.MotionBlurQuality:4]]
[2020.05.16-20.39.42:636][  0]LogConfig: Setting CVar [[r.AmbientOcclusionMipLevelFactor:0.4]]
[2020.05.16-20.39.42:636][  0]LogConfig: Setting CVar [[r.AmbientOcclusionMaxQuality:100]]
[2020.05.16-20.39.42:636][  0]LogConfig: Setting CVar [[r.AmbientOcclusionLevels:-1]]
[2020.05.16-20.39.42:636][  0]LogConfig: Setting CVar [[r.AmbientOcclusionRadiusScale:1.0]]
[2020.05.16-20.39.42:636][  0]LogConfig: Setting CVar [[r.DepthOfFieldQuality:2]]
[2020.05.16-20.39.42:636][  0]LogConfig: Setting CVar [[r.RenderTargetPoolMin:400]]
[2020.05.16-20.39.42:636][  0]LogConfig: Setting CVar [[r.LensFlareQuality:2]]
[2020.05.16-20.39.42:637][  0]LogConfig: Setting CVar [[r.SceneColorFringeQuality:1]]
[2020.05.16-20.39.42:637][  0]LogConfig: Setting CVar [[r.EyeAdaptationQuality:2]]
[2020.05.16-20.39.42:637][  0]LogConfig: Setting CVar [[r.BloomQuality:5]]
[2020.05.16-20.39.42:637][  0]LogConfig: Setting CVar [[r.FastBlurThreshold:100]]
[2020.05.16-20.39.42:637][  0]LogConfig: Setting CVar [[r.Upscale.Quality:3]]
[2020.05.16-20.39.42:637][  0]LogConfig: Setting CVar [[r.Tonemapper.GrainQuantization:1]]
[2020.05.16-20.39.42:637][  0]LogConfig: Setting CVar [[r.LightShaftQuality:1]]
[2020.05.16-20.39.42:637][  0]LogConfig: Setting CVar [[r.Filter.SizeScale:1]]
[2020.05.16-20.39.42:637][  0]LogConfig: Setting CVar [[r.Tonemapper.Quality:5]]
[2020.05.16-20.39.42:637][  0]LogConfig: Setting CVar [[r.DOF.Gather.AccumulatorQuality:1        ; higher gathering accumulator quality]]
[2020.05.16-20.39.42:637][  0]LogConfig: Setting CVar [[r.DOF.Gather.PostfilterMethod:1          ; Median3x3 postfilering method]]
[2020.05.16-20.39.42:637][  0]LogConfig: Setting CVar [[r.DOF.Gather.EnableBokehSettings:0       ; no bokeh simulation when gathering]]
[2020.05.16-20.39.42:637][  0]LogConfig: Setting CVar [[r.DOF.Gather.RingCount:4                 ; medium number of samples when gathering]]
[2020.05.16-20.39.42:637][  0]LogConfig: Setting CVar [[r.DOF.Scatter.ForegroundCompositing:1    ; additive foreground scattering]]
[2020.05.16-20.39.42:637][  0]LogConfig: Setting CVar [[r.DOF.Scatter.BackgroundCompositing:2    ; additive background scattering]]
[2020.05.16-20.39.42:637][  0]LogConfig: Setting CVar [[r.DOF.Scatter.EnableBokehSettings:1      ; bokeh simulation when scattering]]
[2020.05.16-20.39.42:637][  0]LogConfig: Setting CVar [[r.DOF.Scatter.MaxSpriteRatio:0.1         ; only a maximum of 10% of scattered bokeh]]
[2020.05.16-20.39.42:637][  0]LogConfig: Setting CVar [[r.DOF.Recombine.Quality:1                ; cheap slight out of focus]]
[2020.05.16-20.39.42:637][  0]LogConfig: Setting CVar [[r.DOF.Recombine.EnableBokehSettings:0    ; no bokeh simulation on slight out of focus]]
[2020.05.16-20.39.42:637][  0]LogConfig: Setting CVar [[r.DOF.TemporalAAQuality:1                ; more stable temporal accumulation]]
[2020.05.16-20.39.42:637][  0]LogConfig: Setting CVar [[r.DOF.Kernel.MaxForegroundRadius:0.025]]
[2020.05.16-20.39.42:637][  0]LogConfig: Setting CVar [[r.DOF.Kernel.MaxBackgroundRadius:0.025]]
[2020.05.16-20.39.42:637][  0]LogConfig: Applying CVar settings from Section [TextureQuality@3] File [C:/Users/sshth/Downloads/Compressed/CardGameDemoWithInterfaces_3/CardGameDemoWithInterfaces - Copy/Saved/Config/Windows/Scalability.ini]
[2020.05.16-20.39.42:637][  0]LogConfig: Setting CVar [[r.Streaming.MipBias:0]]
[2020.05.16-20.39.42:637][  0]LogConfig: Setting CVar [[r.Streaming.AmortizeCPUToGPUCopy:0]]
[2020.05.16-20.39.42:638][  0]LogConfig: Setting CVar [[r.Streaming.MaxNumTexturesToStreamPerFrame:0]]
[2020.05.16-20.39.42:638][  0]LogConfig: Setting CVar [[r.Streaming.Boost:1]]
[2020.05.16-20.39.42:638][  0]LogConfig: Setting CVar [[r.MaxAnisotropy:8]]
[2020.05.16-20.39.42:638][  0]LogConfig: Setting CVar [[r.VT.MaxAnisotropy:8]]
[2020.05.16-20.39.42:638][  0]LogConfig: Setting CVar [[r.Streaming.LimitPoolSizeToVRAM:0]]
[2020.05.16-20.39.42:638][  0]LogConfig: Setting CVar [[r.Streaming.PoolSize:1000]]
[2020.05.16-20.39.42:638][  0]LogConfig: Setting CVar [[r.Streaming.MaxEffectiveScreenSize:0]]
[2020.05.16-20.39.42:638][  0]LogConfig: Applying CVar settings from Section [EffectsQuality@3] File [C:/Users/sshth/Downloads/Compressed/CardGameDemoWithInterfaces_3/CardGameDemoWithInterfaces - Copy/Saved/Config/Windows/Scalability.ini]
[2020.05.16-20.39.42:638][  0]LogConfig: Setting CVar [[r.TranslucencyLightingVolumeDim:64]]
[2020.05.16-20.39.42:638][  0]LogConfig: Setting CVar [[r.RefractionQuality:2]]
[2020.05.16-20.39.42:638][  0]LogConfig: Setting CVar [[r.SSR.Quality:3]]
[2020.05.16-20.39.42:638][  0]LogConfig: Setting CVar [[r.SSR.HalfResSceneColor:0]]
[2020.05.16-20.39.42:638][  0]LogConfig: Setting CVar [[r.SceneColorFormat:4]]
[2020.05.16-20.39.42:638][  0]LogConfig: Setting CVar [[r.DetailMode:2]]
[2020.05.16-20.39.42:638][  0]LogConfig: Setting CVar [[r.TranslucencyVolumeBlur:1]]
[2020.05.16-20.39.42:638][  0]LogConfig: Setting CVar [[r.MaterialQualityLevel:1 ; High quality]]
[2020.05.16-20.39.42:638][  0]LogConfig: Setting CVar [[r.SSS.Scale:1]]
[2020.05.16-20.39.42:638][  0]LogConfig: Setting CVar [[r.SSS.SampleSet:2]]
[2020.05.16-20.39.42:638][  0]LogConfig: Setting CVar [[r.SSS.Quality:1]]
[2020.05.16-20.39.42:638][  0]LogConfig: Setting CVar [[r.SSS.HalfRes:1]]
[2020.05.16-20.39.42:639][  0]LogConfig: Setting CVar [[r.SSGI.Quality:3]]
[2020.05.16-20.39.42:639][  0]LogConfig: Setting CVar [[r.EmitterSpawnRateScale:1.0]]
[2020.05.16-20.39.42:639][  0]LogConfig: Setting CVar [[r.ParticleLightQuality:2]]
[2020.05.16-20.39.42:639][  0]LogConfig: Setting CVar [[r.SkyAtmosphere.AerialPerspectiveLUT.FastApplyOnOpaque:1 ; Always have FastSkyLUT 1 in this case to avoid wrong sky]]
[2020.05.16-20.39.42:639][  0]LogConfig: Setting CVar [[r.SkyAtmosphere.AerialPerspectiveLUT.SampleCountPerSlice:1]]
[2020.05.16-20.39.42:639][  0]LogConfig: Setting CVar [[r.SkyAtmosphere.AerialPerspectiveLUT.DepthResolution:16.0]]
[2020.05.16-20.39.42:639][  0]LogConfig: Setting CVar [[r.SkyAtmosphere.FastSkyLUT:1]]
[2020.05.16-20.39.42:639][  0]LogConfig: Setting CVar [[r.SkyAtmosphere.FastSkyLUT.SampleCountMin:4.0]]
[2020.05.16-20.39.42:639][  0]LogConfig: Setting CVar [[r.SkyAtmosphere.FastSkyLUT.SampleCountMax:32.0]]
[2020.05.16-20.39.42:639][  0]LogConfig: Setting CVar [[r.SkyAtmosphere.SampleCountMin:4.0]]
[2020.05.16-20.39.42:639][  0]LogConfig: Setting CVar [[r.SkyAtmosphere.SampleCountMax:32.0]]
[2020.05.16-20.39.42:639][  0]LogConfig: Setting CVar [[r.SkyAtmosphere.TransmittanceLUT.UseSmallFormat:0]]
[2020.05.16-20.39.42:639][  0]LogConfig: Setting CVar [[r.SkyAtmosphere.TransmittanceLUT.SampleCount:10.0]]
[2020.05.16-20.39.42:640][  0]LogConfig: Setting CVar [[r.SkyAtmosphere.MultiScatteringLUT.SampleCount:15.0]]
[2020.05.16-20.39.42:642][  0]LogConfig: Applying CVar settings from Section [FoliageQuality@3] File [C:/Users/sshth/Downloads/Compressed/CardGameDemoWithInterfaces_3/CardGameDemoWithInterfaces - Copy/Saved/Config/Windows/Scalability.ini]
[2020.05.16-20.39.42:642][  0]LogConfig: Setting CVar [[foliage.DensityScale:1.0]]
[2020.05.16-20.39.42:643][  0]LogConfig: Setting CVar [[grass.DensityScale:1.0]]
[2020.05.16-20.39.42:643][  0]LogConfig: Applying CVar settings from Section [ShadingQuality@3] File [C:/Users/sshth/Downloads/Compressed/CardGameDemoWithInterfaces_3/CardGameDemoWithInterfaces - Copy/Saved/Config/Windows/Scalability.ini]
[2020.05.16-20.39.42:643][  0]LogConfig: Setting CVar [[r.HairStrands.SkyLighting.SampleCount:16]]
[2020.05.16-20.39.42:643][  0]LogConfig: Setting CVar [[r.HairStrands.SkyLighting.JitterIntegration:0]]
[2020.05.16-20.39.42:643][  0]LogConfig: Setting CVar [[r.HairStrands.SkyAO.SampleCount:16]]
[2020.05.16-20.39.42:643][  0]LogInit: Selected Device Profile: [Windows]
[2020.05.16-20.39.42:643][  0]LogInit: Applying CVar settings loaded from the selected device profile: [Windows]
[2020.05.16-20.39.42:648][  0]LogHAL: Display: Platform has ~ 8 GB [8502808576 / 8589934592 / 8], which maps to Default [LargestMinGB=32, LargerMinGB=12, DefaultMinGB=8, SmallerMinGB=6, SmallestMinGB=0)
[2020.05.16-20.39.42:648][  0]LogInit: Going up to parent DeviceProfile []
[2020.05.16-20.39.42:649][  0]LogConfig: Applying CVar settings from Section [ViewDistanceQuality@3] File [C:/Users/sshth/Downloads/Compressed/CardGameDemoWithInterfaces_3/CardGameDemoWithInterfaces - Copy/Saved/Config/Windows/Scalability.ini]
[2020.05.16-20.39.42:649][  0]LogConfig: Setting CVar [[r.SkeletalMeshLODBias:0]]
[2020.05.16-20.39.42:649][  0]LogConfig: Setting CVar [[r.ViewDistanceScale:1.0]]
[2020.05.16-20.39.42:649][  0]LogConfig: Applying CVar settings from Section [AntiAliasingQuality@3] File [C:/Users/sshth/Downloads/Compressed/CardGameDemoWithInterfaces_3/CardGameDemoWithInterfaces - Copy/Saved/Config/Windows/Scalability.ini]
[2020.05.16-20.39.42:649][  0]LogConfig: Setting CVar [[r.PostProcessAAQuality:4]]
[2020.05.16-20.39.42:649][  0]LogConfig: Applying CVar settings from Section [ShadowQuality@3] File [C:/Users/sshth/Downloads/Compressed/CardGameDemoWithInterfaces_3/CardGameDemoWithInterfaces - Copy/Saved/Config/Windows/Scalability.ini]
[2020.05.16-20.39.42:649][  0]LogConfig: Setting CVar [[r.LightFunctionQuality:1]]
[2020.05.16-20.39.42:649][  0]LogConfig: Setting CVar [[r.ShadowQuality:5]]
[2020.05.16-20.39.42:649][  0]LogConfig: Setting CVar [[r.Shadow.CSM.MaxCascades:10]]
[2020.05.16-20.39.42:649][  0]LogConfig: Setting CVar [[r.Shadow.MaxResolution:2048]]
[2020.05.16-20.39.42:649][  0]LogConfig: Setting CVar [[r.Shadow.MaxCSMResolution:2048]]
[2020.05.16-20.39.42:649][  0]LogConfig: Setting CVar [[r.Shadow.RadiusThreshold:0.01]]
[2020.05.16-20.39.42:649][  0]LogConfig: Setting CVar [[r.Shadow.DistanceScale:1.0]]
[2020.05.16-20.39.42:649][  0]LogConfig: Setting CVar [[r.Shadow.CSM.TransitionScale:1.0]]
[2020.05.16-20.39.42:649][  0]LogConfig: Setting CVar [[r.Shadow.PreShadowResolutionFactor:1.0]]
[2020.05.16-20.39.42:649][  0]LogConfig: Setting CVar [[r.DistanceFieldShadowing:1]]
[2020.05.16-20.39.42:649][  0]LogConfig: Setting CVar [[r.DistanceFieldAO:1]]
[2020.05.16-20.39.42:649][  0]LogConfig: Setting CVar [[r.AOQuality:2]]
[2020.05.16-20.39.42:649][  0]LogConfig: Setting CVar [[r.VolumetricFog:1]]
[2020.05.16-20.39.42:649][  0]LogConfig: Setting CVar [[r.VolumetricFog.GridPixelSize:8]]
[2020.05.16-20.39.42:649][  0]LogConfig: Setting CVar [[r.VolumetricFog.GridSizeZ:128]]
[2020.05.16-20.39.42:649][  0]LogConfig: Setting CVar [[r.VolumetricFog.HistoryMissSupersampleCount:4]]
[2020.05.16-20.39.42:649][  0]LogConfig: Setting CVar [[r.LightMaxDrawDistanceScale:1]]
[2020.05.16-20.39.42:649][  0]LogConfig: Setting CVar [[r.CapsuleShadows:1]]
[2020.05.16-20.39.42:650][  0]LogConfig: Applying CVar settings from Section [PostProcessQuality@3] File [C:/Users/sshth/Downloads/Compressed/CardGameDemoWithInterfaces_3/CardGameDemoWithInterfaces - Copy/Saved/Config/Windows/Scalability.ini]
[2020.05.16-20.39.42:650][  0]LogConfig: Setting CVar [[r.MotionBlurQuality:4]]
[2020.05.16-20.39.42:650][  0]LogConfig: Setting CVar [[r.AmbientOcclusionMipLevelFactor:0.4]]
[2020.05.16-20.39.42:650][  0]LogConfig: Setting CVar [[r.AmbientOcclusionMaxQuality:100]]
[2020.05.16-20.39.42:650][  0]LogConfig: Setting CVar [[r.AmbientOcclusionLevels:-1]]
[2020.05.16-20.39.42:650][  0]LogConfig: Setting CVar [[r.AmbientOcclusionRadiusScale:1.0]]
[2020.05.16-20.39.42:650][  0]LogConfig: Setting CVar [[r.DepthOfFieldQuality:2]]
[2020.05.16-20.39.42:650][  0]LogConfig: Setting CVar [[r.RenderTargetPoolMin:400]]
[2020.05.16-20.39.42:650][  0]LogConfig: Setting CVar [[r.LensFlareQuality:2]]
[2020.05.16-20.39.42:650][  0]LogConfig: Setting CVar [[r.SceneColorFringeQuality:1]]
[2020.05.16-20.39.42:650][  0]LogConfig: Setting CVar [[r.EyeAdaptationQuality:2]]
[2020.05.16-20.39.42:650][  0]LogConfig: Setting CVar [[r.BloomQuality:5]]
[2020.05.16-20.39.42:650][  0]LogConfig: Setting CVar [[r.FastBlurThreshold:100]]
[2020.05.16-20.39.42:650][  0]LogConfig: Setting CVar [[r.Upscale.Quality:3]]
[2020.05.16-20.39.42:650][  0]LogConfig: Setting CVar [[r.Tonemapper.GrainQuantization:1]]
[2020.05.16-20.39.42:650][  0]LogConfig: Setting CVar [[r.LightShaftQuality:1]]
[2020.05.16-20.39.42:650][  0]LogConfig: Setting CVar [[r.Filter.SizeScale:1]]
[2020.05.16-20.39.42:650][  0]LogConfig: Setting CVar [[r.Tonemapper.Quality:5]]
[2020.05.16-20.39.42:650][  0]LogConfig: Setting CVar [[r.DOF.Gather.AccumulatorQuality:1        ; higher gathering accumulator quality]]
[2020.05.16-20.39.42:650][  0]LogConfig: Setting CVar [[r.DOF.Gather.PostfilterMethod:1          ; Median3x3 postfilering method]]
[2020.05.16-20.39.42:650][  0]LogConfig: Setting CVar [[r.DOF.Gather.EnableBokehSettings:0       ; no bokeh simulation when gathering]]
[2020.05.16-20.39.42:650][  0]LogConfig: Setting CVar [[r.DOF.Gather.RingCount:4                 ; medium number of samples when gathering]]
[2020.05.16-20.39.42:650][  0]LogConfig: Setting CVar [[r.DOF.Scatter.ForegroundCompositing:1    ; additive foreground scattering]]
[2020.05.16-20.39.42:650][  0]LogConfig: Setting CVar [[r.DOF.Scatter.BackgroundCompositing:2    ; additive background scattering]]
[2020.05.16-20.39.42:650][  0]LogConfig: Setting CVar [[r.DOF.Scatter.EnableBokehSettings:1      ; bokeh simulation when scattering]]
[2020.05.16-20.39.42:651][  0]LogConfig: Setting CVar [[r.DOF.Scatter.MaxSpriteRatio:0.1         ; only a maximum of 10% of scattered bokeh]]
[2020.05.16-20.39.42:651][  0]LogConfig: Setting CVar [[r.DOF.Recombine.Quality:1                ; cheap slight out of focus]]
[2020.05.16-20.39.42:651][  0]LogConfig: Setting CVar [[r.DOF.Recombine.EnableBokehSettings:0    ; no bokeh simulation on slight out of focus]]
[2020.05.16-20.39.42:651][  0]LogConfig: Setting CVar [[r.DOF.TemporalAAQuality:1                ; more stable temporal accumulation]]
[2020.05.16-20.39.42:651][  0]LogConfig: Setting CVar [[r.DOF.Kernel.MaxForegroundRadius:0.025]]
[2020.05.16-20.39.42:651][  0]LogConfig: Setting CVar [[r.DOF.Kernel.MaxBackgroundRadius:0.025]]
[2020.05.16-20.39.42:651][  0]LogConfig: Applying CVar settings from Section [TextureQuality@3] File [C:/Users/sshth/Downloads/Compressed/CardGameDemoWithInterfaces_3/CardGameDemoWithInterfaces - Copy/Saved/Config/Windows/Scalability.ini]
[2020.05.16-20.39.42:651][  0]LogConfig: Setting CVar [[r.Streaming.MipBias:0]]
[2020.05.16-20.39.42:651][  0]LogConfig: Setting CVar [[r.Streaming.AmortizeCPUToGPUCopy:0]]
[2020.05.16-20.39.42:651][  0]LogConfig: Setting CVar [[r.Streaming.MaxNumTexturesToStreamPerFrame:0]]
[2020.05.16-20.39.42:651][  0]LogConfig: Setting CVar [[r.Streaming.Boost:1]]
[2020.05.16-20.39.42:651][  0]LogConfig: Setting CVar [[r.MaxAnisotropy:8]]
[2020.05.16-20.39.42:651][  0]LogConfig: Setting CVar [[r.VT.MaxAnisotropy:8]]
[2020.05.16-20.39.42:651][  0]LogConfig: Setting CVar [[r.Streaming.LimitPoolSizeToVRAM:0]]
[2020.05.16-20.39.42:651][  0]LogConfig: Setting CVar [[r.Streaming.PoolSize:1000]]
[2020.05.16-20.39.42:651][  0]LogConfig: Setting CVar [[r.Streaming.MaxEffectiveScreenSize:0]]
[2020.05.16-20.39.42:651][  0]LogConfig: Applying CVar settings from Section [EffectsQuality@3] File [C:/Users/sshth/Downloads/Compressed/CardGameDemoWithInterfaces_3/CardGameDemoWithInterfaces - Copy/Saved/Config/Windows/Scalability.ini]
[2020.05.16-20.39.42:651][  0]LogConfig: Setting CVar [[r.TranslucencyLightingVolumeDim:64]]
[2020.05.16-20.39.42:651][  0]LogConfig: Setting CVar [[r.RefractionQuality:2]]
[2020.05.16-20.39.42:651][  0]LogConfig: Setting CVar [[r.SSR.Quality:3]]
[2020.05.16-20.39.42:651][  0]LogConfig: Setting CVar [[r.SSR.HalfResSceneColor:0]]
[2020.05.16-20.39.42:651][  0]LogConfig: Setting CVar [[r.SceneColorFormat:4]]
[2020.05.16-20.39.42:651][  0]LogConfig: Setting CVar [[r.DetailMode:2]]
[2020.05.16-20.39.42:651][  0]LogConfig: Setting CVar [[r.TranslucencyVolumeBlur:1]]
[2020.05.16-20.39.42:651][  0]LogConfig: Setting CVar [[r.MaterialQualityLevel:1 ; High quality]]
[2020.05.16-20.39.42:651][  0]LogConfig: Setting CVar [[r.SSS.Scale:1]]
[2020.05.16-20.39.42:651][  0]LogConfig: Setting CVar [[r.SSS.SampleSet:2]]
[2020.05.16-20.39.42:651][  0]LogConfig: Setting CVar [[r.SSS.Quality:1]]
[2020.05.16-20.39.42:651][  0]LogConfig: Setting CVar [[r.SSS.HalfRes:1]]
[2020.05.16-20.39.42:651][  0]LogConfig: Setting CVar [[r.SSGI.Quality:3]]
[2020.05.16-20.39.42:651][  0]LogConfig: Setting CVar [[r.EmitterSpawnRateScale:1.0]]
[2020.05.16-20.39.42:652][  0]LogConfig: Setting CVar [[r.ParticleLightQuality:2]]
[2020.05.16-20.39.42:652][  0]LogConfig: Setting CVar [[r.SkyAtmosphere.AerialPerspectiveLUT.FastApplyOnOpaque:1 ; Always have FastSkyLUT 1 in this case to avoid wrong sky]]
[2020.05.16-20.39.42:652][  0]LogConfig: Setting CVar [[r.SkyAtmosphere.AerialPerspectiveLUT.SampleCountPerSlice:1]]
[2020.05.16-20.39.42:652][  0]LogConfig: Setting CVar [[r.SkyAtmosphere.AerialPerspectiveLUT.DepthResolution:16.0]]
[2020.05.16-20.39.42:652][  0]LogConfig: Setting CVar [[r.SkyAtmosphere.FastSkyLUT:1]]
[2020.05.16-20.39.42:652][  0]LogConfig: Setting CVar [[r.SkyAtmosphere.FastSkyLUT.SampleCountMin:4.0]]
[2020.05.16-20.39.42:652][  0]LogConfig: Setting CVar [[r.SkyAtmosphere.FastSkyLUT.SampleCountMax:32.0]]
[2020.05.16-20.39.42:652][  0]LogConfig: Setting CVar [[r.SkyAtmosphere.SampleCountMin:4.0]]
[2020.05.16-20.39.42:652][  0]LogConfig: Setting CVar [[r.SkyAtmosphere.SampleCountMax:32.0]]
[2020.05.16-20.39.42:652][  0]LogConfig: Setting CVar [[r.SkyAtmosphere.TransmittanceLUT.UseSmallFormat:0]]
[2020.05.16-20.39.42:652][  0]LogConfig: Setting CVar [[r.SkyAtmosphere.TransmittanceLUT.SampleCount:10.0]]
[2020.05.16-20.39.42:652][  0]LogConfig: Setting CVar [[r.SkyAtmosphere.MultiScatteringLUT.SampleCount:15.0]]
[2020.05.16-20.39.42:652][  0]LogConfig: Applying CVar settings from Section [FoliageQuality@3] File [C:/Users/sshth/Downloads/Compressed/CardGameDemoWithInterfaces_3/CardGameDemoWithInterfaces - Copy/Saved/Config/Windows/Scalability.ini]
[2020.05.16-20.39.42:652][  0]LogConfig: Setting CVar [[foliage.DensityScale:1.0]]
[2020.05.16-20.39.42:652][  0]LogConfig: Setting CVar [[grass.DensityScale:1.0]]
[2020.05.16-20.39.42:652][  0]LogConfig: Applying CVar settings from Section [ShadingQuality@3] File [C:/Users/sshth/Downloads/Compressed/CardGameDemoWithInterfaces_3/CardGameDemoWithInterfaces - Copy/Saved/Config/Windows/Scalability.ini]
[2020.05.16-20.39.42:652][  0]LogConfig: Setting CVar [[r.HairStrands.SkyLighting.SampleCount:16]]
[2020.05.16-20.39.42:652][  0]LogConfig: Setting CVar [[r.HairStrands.SkyLighting.JitterIntegration:0]]
[2020.05.16-20.39.42:652][  0]LogConfig: Setting CVar [[r.HairStrands.SkyAO.SampleCount:16]]
[2020.05.16-20.39.42:652][  0]LogConfig: Applying CVar settings from Section [Startup] File [../../../Engine/Config/ConsoleVariables.ini]
[2020.05.16-20.39.42:653][  0]LogConfig: Setting CVar [[net.UseAdaptiveNetUpdateFrequency:0]]
[2020.05.16-20.39.42:653][  0]LogConfig: Setting CVar [[p.chaos.AllowCreatePhysxBodies:1]]
[2020.05.16-20.39.42:653][  0]LogConfig: Setting CVar [[r.GraphicsAdapter:-2]]
[2020.05.16-20.39.42:653][  0]LogConfig: Applying CVar settings from Section [ConsoleVariables] File [C:/Users/sshth/Downloads/Compressed/CardGameDemoWithInterfaces_3/CardGameDemoWithInterfaces - Copy/Saved/Config/Windows/Engine.ini]
[2020.05.16-20.39.42:654][  0]LogInit: Computer: DESKTOP-HV3TSTM
[2020.05.16-20.39.42:654][  0]LogInit: User: sshth
[2020.05.16-20.39.42:654][  0]LogInit: CPU Page size=4096, Cores=2
[2020.05.16-20.39.42:654][  0]LogInit: High frequency timer resolution =10.000000 MHz
[2020.05.16-20.39.42:655][  0]LogMemory: Memory total: Physical=7.9GB (8GB approx)
[2020.05.16-20.39.42:655][  0]LogMemory: Platform Memory Stats for Windows
[2020.05.16-20.39.42:655][  0]LogMemory: Process Physical Memory: 104.21 MB used, 104.22 MB peak
[2020.05.16-20.39.42:655][  0]LogMemory: Process Virtual Memory: 100.00 MB used, 100.00 MB peak
[2020.05.16-20.39.42:655][  0]LogMemory: Physical Memory: 6247.03 MB used,  1861.88 MB free, 8108.91 MB total
[2020.05.16-20.39.42:655][  0]LogMemory: Virtual Memory: 5131.96 MB used,  134212592.00 MB free, 134217728.00 MB total
[2020.05.16-20.39.42:659][  0]LogWindows: WindowsPlatformFeatures enabled
[2020.05.16-20.39.42:682][  0]LogInit: Using OS detected language (en-US).
[2020.05.16-20.39.42:682][  0]LogInit: Using OS detected locale (en-US).
[2020.05.16-20.39.42:684][  0]LogTextLocalizationManager: No specific localization for 'en-US' exists, so the 'en' localization will be used.
[2020.05.16-20.39.43:042][  0]LogInit: Setting process to per monitor DPI aware
[2020.05.16-20.39.43:105][  0]LogSlate: New Slate User Created.  User Index 0, Is Virtual User: 0
[2020.05.16-20.39.43:105][  0]LogSlate: Slate User Registered.  User Index 0, Is Virtual User: 0
[2020.05.16-20.39.43:373][  0]LogHMD: Failed to initialize OpenVR with code 110
[2020.05.16-20.39.43:373][  0]LogD3D11RHI: D3D11 min allowed feature level: 11_0
[2020.05.16-20.39.43:373][  0]LogD3D11RHI: D3D11 max allowed feature level: 11_0
[2020.05.16-20.39.43:373][  0]LogD3D11RHI: D3D11 adapters:
[2020.05.16-20.39.43:402][  0]LogD3D11RHI:    0. 'Radeon(TM) 520' (Feature Level 11_0)
[2020.05.16-20.39.43:402][  0]LogD3D11RHI:       2039/0/4054 MB DedicatedVideo/DedicatedSystem/SharedSystem, Outputs:1, VendorId:0x1002
[2020.05.16-20.39.43:433][  0]LogD3D11RHI:    1. 'Intel(R) HD Graphics 620' (Feature Level 11_0)
[2020.05.16-20.39.43:433][  0]LogD3D11RHI:       128/0/4054 MB DedicatedVideo/DedicatedSystem/SharedSystem, Outputs:0, VendorId:0x8086
[2020.05.16-20.39.43:437][  0]LogD3D11RHI:    2. 'Microsoft Basic Render Driver' (Feature Level 11_0)
[2020.05.16-20.39.43:438][  0]LogD3D11RHI:       0/0/4054 MB DedicatedVideo/DedicatedSystem/SharedSystem, Outputs:0, VendorId:0x1414
[2020.05.16-20.39.43:438][  0]LogD3D11RHI: Chosen D3D11 Adapter: 0
[2020.05.16-20.39.43:449][  0]LogD3D11RHI: Creating new Direct3DDevice
[2020.05.16-20.39.43:449][  0]LogD3D11RHI:     GPU DeviceId: 0x6660 (for the marketing name, search the web for "GPU Device Id")
[2020.05.16-20.39.43:449][  0]LogWindows: EnumDisplayDevices:
[2020.05.16-20.39.43:449][  0]LogWindows:    0. 'Intel(R) HD Graphics 620' (P:1 D:1)
[2020.05.16-20.39.43:450][  0]LogWindows:    1. 'Intel(R) HD Graphics 620' (P:0 D:0)
[2020.05.16-20.39.43:450][  0]LogWindows:    2. 'Intel(R) HD Graphics 620' (P:0 D:0)
[2020.05.16-20.39.43:450][  0]LogWindows: DebugString: PrimaryIsNotTheChoosenAdapter PrimaryIsNotTheChoosenAdapter PrimaryIsNotTheChoosenAdapter FoundDriverCount:0 
[2020.05.16-20.39.43:450][  0]LogD3D11RHI:     Adapter Name: Radeon(TM) 520
[2020.05.16-20.39.43:451][  0]LogD3D11RHI:   Driver Version: Unknown (internal:Unknown, unified:Unknown)
[2020.05.16-20.39.43:451][  0]LogD3D11RHI:      Driver Date: Unknown
[2020.05.16-20.39.43:451][  0]LogRHI: Texture pool is 1427 MB (70% of 2039 MB)
[2020.05.16-20.39.43:495][  0]LogD3D11RHI: RHI does not have support for 64 bit atomics
[2020.05.16-20.39.43:495][  0]LogD3D11RHI: Async texture creation enabled
[2020.05.16-20.39.43:507][  0]LogD3D11RHI: GPU Timing Frequency: 27.000000 (Debug: 2 1)
[2020.05.16-20.39.44:064][  0]LogTargetPlatformManager: Display: Loaded TargetPlatform 'AllDesktop'
[2020.05.16-20.39.44:128][  0]LogTargetPlatformManager: Display: Loaded TargetPlatform 'Android'
[2020.05.16-20.39.44:128][  0]LogTargetPlatformManager: Display: Loaded TargetPlatform 'Android_ASTC'
[2020.05.16-20.39.44:128][  0]LogTargetPlatformManager: Display: Loaded TargetPlatform 'Android_ATC'
[2020.05.16-20.39.44:128][  0]LogTargetPlatformManager: Display: Loaded TargetPlatform 'Android_DXT'
[2020.05.16-20.39.44:128][  0]LogTargetPlatformManager: Display: Loaded TargetPlatform 'Android_ETC1'
[2020.05.16-20.39.44:128][  0]LogTargetPlatformManager: Display: Loaded TargetPlatform 'Android_ETC1a'
[2020.05.16-20.39.44:128][  0]LogTargetPlatformManager: Display: Loaded TargetPlatform 'Android_ETC2'
[2020.05.16-20.39.44:128][  0]LogTargetPlatformManager: Display: Loaded TargetPlatform 'Android_PVRTC'
[2020.05.16-20.39.44:128][  0]LogTargetPlatformManager: Display: Loaded TargetPlatform 'AndroidClient'
[2020.05.16-20.39.44:128][  0]LogTargetPlatformManager: Display: Loaded TargetPlatform 'Android_ASTCClient'
[2020.05.16-20.39.44:128][  0]LogTargetPlatformManager: Display: Loaded TargetPlatform 'Android_ATCClient'
[2020.05.16-20.39.44:128][  0]LogTargetPlatformManager: Display: Loaded TargetPlatform 'Android_DXTClient'
[2020.05.16-20.39.44:128][  0]LogTargetPlatformManager: Display: Loaded TargetPlatform 'Android_ETC1Client'
[2020.05.16-20.39.44:128][  0]LogTargetPlatformManager: Display: Loaded TargetPlatform 'Android_ETC1aClient'
[2020.05.16-20.39.44:128][  0]LogTargetPlatformManager: Display: Loaded TargetPlatform 'Android_ETC2Client'
[2020.05.16-20.39.44:128][  0]LogTargetPlatformManager: Display: Loaded TargetPlatform 'Android_PVRTCClient'
[2020.05.16-20.39.44:128][  0]LogTargetPlatformManager: Display: Loaded TargetPlatform 'Android_Multi'
[2020.05.16-20.39.44:128][  0]LogTargetPlatformManager: Display: Loaded TargetPlatform 'Android_MultiClient'
[2020.05.16-20.39.44:163][  0]LogTargetPlatformManager: Display: Loaded TargetPlatform 'IOSClient'
[2020.05.16-20.39.44:163][  0]LogTargetPlatformManager: Display: Loaded TargetPlatform 'IOS'
[2020.05.16-20.39.44:174][  0]LogTargetPlatformManager: Display: Loaded TargetPlatform 'LinuxNoEditor'
[2020.05.16-20.39.44:187][  0]LogTargetPlatformManager: Display: Loaded TargetPlatform 'LinuxClient'
[2020.05.16-20.39.44:200][  0]LogTargetPlatformManager: Display: Loaded TargetPlatform 'LinuxServer'
[2020.05.16-20.39.44:215][  0]LogTargetPlatformManager: Display: Loaded TargetPlatform 'LinuxAArch64NoEditor'
[2020.05.16-20.39.44:229][  0]LogTargetPlatformManager: Display: Loaded TargetPlatform 'LinuxAArch64Client'
[2020.05.16-20.39.44:238][  0]LogTargetPlatformManager: Display: Loaded TargetPlatform 'LinuxAArch64Server'
[2020.05.16-20.39.44:272][  0]LogTargetPlatformManager: Display: Loaded TargetPlatform 'Lumin'
[2020.05.16-20.39.44:272][  0]LogTargetPlatformManager: Display: Loaded TargetPlatform 'LuminClient'
[2020.05.16-20.39.44:290][  0]LogTargetPlatformManager: Display: Loaded TargetPlatform 'TVOSClient'
[2020.05.16-20.39.44:290][  0]LogTargetPlatformManager: Display: Loaded TargetPlatform 'TVOS'
[2020.05.16-20.39.44:301][  0]LogTargetPlatformManager: Display: Loaded TargetPlatform 'WindowsNoEditor'
[2020.05.16-20.39.44:309][  0]LogTargetPlatformManager: Display: Loaded TargetPlatform 'Windows'
[2020.05.16-20.39.44:319][  0]LogTargetPlatformManager: Display: Loaded TargetPlatform 'WindowsClient'
[2020.05.16-20.39.44:330][  0]LogTargetPlatformManager: Display: Loaded TargetPlatform 'WindowsServer'
[2020.05.16-20.39.44:330][  0]LogTargetPlatformManager: Display: Building Assets For Windows
[2020.05.16-20.39.44:333][  0]LogAudioDebug: Display: Lib vorbis DLL was dynamically loaded.
[2020.05.16-20.39.44:362][  0]LogShaderCompilers: Guid format shader working directory is -68 characters bigger than the processId version (../../../../../../Users/sshth/Downloads/Compressed/CardGameDemoWithInterfaces_3/CardGameDemoWithInterfaces - Copy/Intermediate/Shaders/WorkingDirectory/14180/).
[2020.05.16-20.39.44:362][  0]LogShaderCompilers: Cleaned the shader compiler working directory 'C:/Users/sshth/AppData/Local/Temp/UnrealShaderWorkingDir/CB93D634442D8CC52E44A28C67D0ED57/'.
[2020.05.16-20.39.44:363][  0]LogXGEController: Cannot use XGE Controller as Incredibuild is not installed on this machine.
[2020.05.16-20.39.44:363][  0]LogShaderCompilers: Cannot use XGE Shader Compiler as Incredibuild is not installed on this machine.
[2020.05.16-20.39.44:363][  0]LogShaderCompilers: Display: Using Local Shader Compiler.
[2020.05.16-20.39.45:384][  0]LogDerivedDataCache: Display: Max Cache Size: 512 MB
[2020.05.16-20.39.45:455][  0]LogDerivedDataCache: Loaded boot cache 0.07s 78MB C:/Users/sshth/AppData/Local/UnrealEngine/4.24/DerivedDataCache/Boot.ddc.
[2020.05.16-20.39.45:455][  0]LogDerivedDataCache: Display: Loaded Boot cache: C:/Users/sshth/AppData/Local/UnrealEngine/4.24/DerivedDataCache/Boot.ddc
[2020.05.16-20.39.45:455][  0]LogDerivedDataCache: FDerivedDataBackendGraph:  Pak pak cache file ../../../../../../Users/sshth/Downloads/Compressed/CardGameDemoWithInterfaces_3/CardGameDemoWithInterfaces - Copy/DerivedDataCache/DDC.ddp not found, will not use a pak cache.
[2020.05.16-20.39.45:455][  0]LogDerivedDataCache: Unable to find inner node Pak for hierarchical cache Hierarchy.
[2020.05.16-20.39.45:455][  0]LogDerivedDataCache: FDerivedDataBackendGraph:  CompressedPak pak cache file ../../../../../../Users/sshth/Downloads/Compressed/CardGameDemoWithInterfaces_3/CardGameDemoWithInterfaces - Copy/DerivedDataCache/Compressed.ddp not found, will not use a pak cache.
[2020.05.16-20.39.45:455][  0]LogDerivedDataCache: Unable to find inner node CompressedPak for hierarchical cache Hierarchy.
[2020.05.16-20.39.45:470][  0]LogDerivedDataCache: Display: Pak cache opened for reading ../../../Engine/DerivedDataCache/Compressed.ddp.
[2020.05.16-20.39.45:470][  0]LogDerivedDataCache: FDerivedDataBackendGraph:  EnterprisePak pak cache file ../../../Enterprise/DerivedDataCache/Compressed.ddp not found, will not use a pak cache.
[2020.05.16-20.39.45:470][  0]LogDerivedDataCache: Unable to find inner node EnterprisePak for hierarchical cache Hierarchy.
[2020.05.16-20.39.45:471][  0]LogDerivedDataCache: Using Local data cache path C:/Users/sshth/AppData/Local/UnrealEngine/Common/DerivedDataCache: Writable
[2020.05.16-20.39.45:471][  0]LogDerivedDataCache: Shared data cache path not found in *engine.ini, will not use an Shared cache.
[2020.05.16-20.39.45:471][  0]LogDerivedDataCache: Unable to find inner node Shared for hierarchical cache Hierarchy.
[2020.05.16-20.39.45:504][  0]LogMaterial: Verifying Global Shaders for PCD3D_SM5
[2020.05.16-20.39.45:507][  0]LogSlate: Using FreeType 2.10.0
[2020.05.16-20.39.45:508][  0]LogSlate: SlateFontServices - WITH_FREETYPE: 1, WITH_HARFBUZZ: 1
[2020.05.16-20.39.45:568][  0]LogAssetRegistry: FAssetRegistry took 0.0028 seconds to start up
[2020.05.16-20.39.45:971][  0]LogInit: Selected Device Profile: [Windows]
[2020.05.16-20.39.46:167][  0]LogMeshReduction: Using QuadricMeshReduction for automatic static mesh reduction
[2020.05.16-20.39.46:167][  0]LogMeshReduction: Using SimplygonMeshReduction for automatic skeletal mesh reduction
[2020.05.16-20.39.46:167][  0]LogMeshReduction: Using ProxyLODMeshReduction for automatic mesh merging
[2020.05.16-20.39.46:167][  0]LogMeshReduction: No distributed automatic mesh merging module available
[2020.05.16-20.39.46:167][  0]LogMeshMerging: No distributed automatic mesh merging module available
[2020.05.16-20.39.46:184][  0]LogNetVersion: CardGameDemoWithInterfaces 1.0.0, NetCL: 10570792, EngineNetVer: 13, GameNetVer: 0 (Checksum: 3192131523)
[2020.05.16-20.39.46:247][  0]LogInput: Warning: Action TriggerClick uses deprecated key MotionController_Right_Trigger.
[2020.05.16-20.39.46:247][  0]LogInput: Warning: Action ResetVR uses deprecated key MotionController_Left_Grip1.
[2020.05.16-20.39.47:730][  0]LogPackageLocalizationCache: Processed 10 localized package path(s) for 1 prioritized culture(s) in 0.163271 seconds
[2020.05.16-20.39.47:740][  0]LogUObjectArray: 46750 objects as part of root set at end of initial load.
[2020.05.16-20.39.47:740][  0]LogUObjectAllocator: 8137160 out of 0 bytes used by permanent object pool.
[2020.05.16-20.39.47:740][  0]LogUObjectArray: CloseDisregardForGC: 0/0 objects in disregard for GC pool
[2020.05.16-20.39.48:329][  0]LogTcpMessaging: Initializing TcpMessaging bridge
[2020.05.16-20.39.48:333][  0]LogUdpMessaging: Initializing bridge on interface 0.0.0.0:0 to multicast group 230.0.0.1:6666.
[2020.05.16-20.39.48:404][  0]SourceControl: Source control is disabled
[2020.05.16-20.39.48:404][  0]SourceControl: Source control is disabled
[2020.05.16-20.39.48:405][  0]SourceControl: Source control is disabled
[2020.05.16-20.39.48:406][  0]SourceControl: Source control is disabled
[2020.05.16-20.39.48:407][  0]SourceControl: Source control is disabled
[2020.05.16-20.39.48:419][  0]LogVSAccessor: Display: Unable to create Visual Studio setup instance: 80040154
[2020.05.16-20.39.48:420][  0]LogVSAccessor: Display: Unable to create Visual Studio setup instance: 80040154
[2020.05.16-20.39.48:518][  0]LogAndroidPermission: UAndroidPermissionCallbackProxy::GetInstance
[2020.05.16-20.39.48:532][  0]LogAudioCaptureCore: Display: No Audio Capture implementations found. Audio input will be silent.
[2020.05.16-20.39.48:532][  0]LogAudioCaptureCore: Display: No Audio Capture implementations found. Audio input will be silent.
[2020.05.16-20.39.48:668][  0]LogOcInput: OculusInput pre-init called
[2020.05.16-20.39.48:676][  0]LogWindows: Failed to load 'OVRPlugin.dll' (GetLastError=126)
[2020.05.16-20.39.48:677][  0]LogWindows: File 'OVRPlugin.dll' does not exist
[2020.05.16-20.39.48:787][  0]LogEngine: Initializing Engine...
[2020.05.16-20.39.48:788][  0]LogHMD: Failed to initialize OpenVR with code 110
[2020.05.16-20.39.48:789][  0]LogStats: UGameplayTagsManager::InitializeManager -  0.000 s
[2020.05.16-20.39.49:446][  0]LogInit: Initializing FReadOnlyCVARCache
[2020.05.16-20.39.49:452][  0]LogAIModule: Creating AISystem for world Untitled
[2020.05.16-20.39.49:454][  0]LogAudioMixer: Display: Audio Mixer Platform Settings:
[2020.05.16-20.39.49:454][  0]LogAudioMixer: Display: 	Sample Rate:						  48000
[2020.05.16-20.39.49:454][  0]LogAudioMixer: Display: 	Callback Buffer Frame Size Requested: 1024
[2020.05.16-20.39.49:454][  0]LogAudioMixer: Display: 	Callback Buffer Frame Size To Use:	  1024
[2020.05.16-20.39.49:454][  0]LogAudioMixer: Display: 	Number of buffers to queue:			  2
[2020.05.16-20.39.49:454][  0]LogAudioMixer: Display: 	Max Channels (voices):				  32
[2020.05.16-20.39.49:454][  0]LogAudioMixer: Display: 	Number of Async Source Workers:		  0
[2020.05.16-20.39.49:454][  0]LogAudio: Display: AudioDevice MaxSources: 32
[2020.05.16-20.39.49:454][  0]LogAudio: Display: Using built-in audio occlusion.
[2020.05.16-20.39.49:454][  0]LogAudioMixer: Display: Initializing audio mixer.
[2020.05.16-20.39.49:466][  0]LogAudioMixer: Display: Audio Device Output Speaker Info:
[2020.05.16-20.39.49:466][  0]LogAudioMixer: Display: Name: Speaker/Headphone (Realtek High Definition Audio)
[2020.05.16-20.39.49:466][  0]LogAudioMixer: Display: Is Default: Yes
[2020.05.16-20.39.49:466][  0]LogAudioMixer: Display: Sample Rate: 48000
[2020.05.16-20.39.49:466][  0]LogAudioMixer: Display: Channel Count Used: 2
[2020.05.16-20.39.49:466][  0]LogAudioMixer: Display: Device Channel Count: 2
[2020.05.16-20.39.49:466][  0]LogAudioMixer: Display: Channel Order:
[2020.05.16-20.39.49:466][  0]LogAudioMixer: Display: 0: FrontLeft
[2020.05.16-20.39.49:466][  0]LogAudioMixer: Display: 1: FrontRight
[2020.05.16-20.39.49:491][  0]LogAudioMixer: Display: Using Audio Device Speaker/Headphone (Realtek High Definition Audio)
[2020.05.16-20.39.49:496][  0]LogInit: FAudioDevice initialized.
[2020.05.16-20.39.49:497][  0]LogNetVersion: Set ProjectVersion to 1.0.0.0. Version Checksum will be recalculated on next use.
[2020.05.16-20.39.49:986][  0]LogDerivedDataCache: Saved boot cache 0.49s 78MB C:/Users/sshth/AppData/Local/UnrealEngine/4.24/DerivedDataCache/Boot.ddc.
[2020.05.16-20.39.50:018][  0]LogInit: Texture streaming: Enabled
[2020.05.16-20.39.50:050][  0]LogEngineSessionManager: EngineSessionManager initialized
[2020.05.16-20.39.50:050][  0]LogEditorSessionSummary: Verbose: Initializing EditorSessionSummaryWriter for editor session tracking
[2020.05.16-20.39.50:098][  0]LogEditorSessionSummary: EditorSessionSummaryWriter initialized
[2020.05.16-20.39.50:269][  0]LogInit: Transaction tracking system initialized
[2020.05.16-20.39.50:291][  0]BlueprintLog: New page: Editor Load
[2020.05.16-20.39.50:342][  0]LocalizationService: Localization service is disabled
[2020.05.16-20.39.50:424][  0]LogVSAccessor: Display: Unable to create Visual Studio setup instance: 80040154
[2020.05.16-20.39.50:425][  0]LogVSAccessor: Display: Unable to create Visual Studio setup instance: 80040154
[2020.05.16-20.39.51:231][  0]LogFileCache: Scanning file cache for directory 'C:/Users/sshth/Downloads/Compressed/CardGameDemoWithInterfaces_3/CardGameDemoWithInterfaces - Copy/Content/' took 0.01s
[2020.05.16-20.39.51:232][  0]LogCook: Display: Max memory allowance for cook 16384mb min free memory 0mb
[2020.05.16-20.39.51:232][  0]LogCook: Display: Mobile HDR setting 1
[2020.05.16-20.39.52:104][  0]SourceControl: Source control is disabled
[2020.05.16-20.39.52:105][  0]LightingResults: New page: Lighting Build
[2020.05.16-20.39.52:105][  0]LogWorld: UWorld::CleanupWorld for Untitled, bSessionEnded=true, bCleanupResources=true
[2020.05.16-20.39.52:105][  0]LogSlate: InvalidateAllWidgets triggered.  All widgets were invalidated
[2020.05.16-20.39.52:106][  0]MapCheck: New page: Map Check
[2020.05.16-20.39.52:106][  0]LightingResults: New page: Lighting Build
[2020.05.16-20.39.52:132][  0]LogUObjectHash: Compacting FUObjectHashTables data took   1.80ms
[2020.05.16-20.39.53:029][  0]LogLinker: While loading '../../../../../../Users/sshth/Downloads/Compressed/CardGameDemoWithInterfaces_3/CardGameDemoWithInterfaces - Copy/Content/ExplodingKittens/Blueprints/InputUI.uasset' failed to load '/Game/CardGameTemplate/Blueprints/Card': Can't find file.
[2020.05.16-20.39.53:030][  0]LogLinker: While loading '../../../../../../Users/sshth/Downloads/Compressed/CardGameDemoWithInterfaces_3/CardGameDemoWithInterfaces - Copy/Content/ExplodingKittens/Blueprints/InputUI.uasset' failed to load '/Game/CardGameTemplate/Blueprints/Card': Can't find file.
[2020.05.16-20.39.57:058][  0]LogBlueprint: Error: [Compiler NopeUI_2] In use pin  Choose Card UI  no longer exists on node  Get . Please refresh node or break links to remove pin.
[2020.05.16-20.40.01:041][  0]LogAIModule: Creating AISystem for world ExampleMap
[2020.05.16-20.40.01:196][  0]LogEditorServer: Finished looking for orphan Actors (0.000 secs)
[2020.05.16-20.40.01:266][  0]LogUObjectHash: Compacting FUObjectHashTables data took   2.94ms
[2020.05.16-20.40.01:270][  0]Cmd: MAP CHECKDEP NOCLEARLOG
[2020.05.16-20.40.01:271][  0]MapCheck: Map check complete: 0 Error(s), 0 Warning(s), took 0.18ms to complete.
[2020.05.16-20.40.01:271][  0]LogFileHelpers: Loading map 'ExampleMap' took 9.166
[2020.05.16-20.40.02:267][  0]LogSlate: Updating window title bar state: overlay mode, drag disabled, window buttons hidden, title bar hidden
[2020.05.16-20.40.02:307][  0]LogSlate: Updating window title bar state: overlay mode, drag disabled, window buttons hidden, title bar hidden
[2020.05.16-20.40.02:326][  0]LogSlate: Updating window title bar state: overlay mode, drag disabled, window buttons hidden, title bar hidden
[2020.05.16-20.40.02:342][  0]LogSlate: Updating window title bar state: overlay mode, drag disabled, window buttons hidden, title bar hidden
[2020.05.16-20.40.02:401][  0]LogCollectionManager: Loaded 0 collections in 0.007173 seconds
[2020.05.16-20.40.02:665][  0]LogFileCache: Scanning file cache for directory 'C:/Users/sshth/Downloads/Compressed/CardGameDemoWithInterfaces_3/CardGameDemoWithInterfaces - Copy/Saved/Collections/' took 0.00s
[2020.05.16-20.40.02:666][  0]LogFileCache: Scanning file cache for directory 'C:/Users/sshth/Downloads/Compressed/CardGameDemoWithInterfaces_3/CardGameDemoWithInterfaces - Copy/Content/Developers/sshth/Collections/' took 0.00s
[2020.05.16-20.40.02:666][  0]LogFileCache: Scanning file cache for directory 'C:/Users/sshth/Downloads/Compressed/CardGameDemoWithInterfaces_3/CardGameDemoWithInterfaces - Copy/Content/Collections/' took 0.00s
[2020.05.16-20.40.02:666][  0]LogContentBrowser: Native class hierarchy populated in 0.0632 seconds. Added 3015 classes and 717 folders.
[2020.05.16-20.40.02:851][  0]LogContentBrowser: Native class hierarchy updated for 'WidgetCarousel' in 0.0007 seconds. Added 0 classes and 0 folders.
[2020.05.16-20.40.06:779][  0]LogContentBrowser: Native class hierarchy updated for 'AddContentDialog' in 0.0009 seconds. Added 0 classes and 0 folders.
[2020.05.16-20.40.07:040][  0]LogContentBrowser: Native class hierarchy updated for 'SceneOutliner' in 0.0006 seconds. Added 2 classes and 3 folders.
[2020.05.16-20.40.08:343][  0]LogSlate: Took 0.000292 seconds to synchronously load lazily loaded font '../../../Engine/Content/Slate/Fonts/Roboto-Regular.ttf' (155K)
[2020.05.16-20.40.08:365][  0]LogSlate: Took 0.000182 seconds to synchronously load lazily loaded font '../../../Engine/Content/Slate/Fonts/Roboto-Bold.ttf' (160K)
[2020.05.16-20.40.08:395][  0]LogSlate: Took 0.024062 seconds to synchronously load lazily loaded font '../../../Engine/Content/Editor/Slate/Fonts/FontAwesome.ttf' (139K)
[2020.05.16-20.40.09:243][  0]LogRenderer: Reallocating scene render targets to support 856x348 Format 10 NumSamples 1 (Frame:1).
[2020.05.16-20.40.09:994][  0]LogContentBrowser: Native class hierarchy updated for 'HierarchicalLODOutliner' in 0.0007 seconds. Added 0 classes and 0 folders.
[2020.05.16-20.40.09:996][  0]LogLoad: (Engine Initialization) Total time: 30.67 seconds
[2020.05.16-20.40.09:996][  0]LogLoad: (Engine Initialization) Total Blueprint compile time: 0.00 seconds
[2020.05.16-20.40.10:161][  0]LogContentStreaming: Texture pool size now 1000 MB
[2020.05.16-20.40.10:229][  0]LogSlate: Took 0.055376 seconds to synchronously load lazily loaded font '../../../Engine/Content/Slate/Fonts/Roboto-Light.ttf' (167K)
[2020.05.16-20.40.10:401][  0]LogSlate: Took 0.000179 seconds to synchronously load lazily loaded font '../../../Engine/Content/Slate/Fonts/Roboto-Light.ttf' (167K)
[2020.05.16-20.40.10:607][  1]LogAssetRegistry: Asset discovery search completed in 25.0402 seconds
[2020.05.16-20.40.10:615][  1]LogCollectionManager: Fixed up redirectors for 0 collections in 0.000018 seconds (updated 0 objects)
[2020.05.16-22.50.07:368][748]LogAssetEditorSubsystem: Opening Asset editor for Blueprint /Game/ExplodingKittens/Blueprints/Hand.Hand
[2020.05.16-22.50.08:641][748]LogContentBrowser: Native class hierarchy updated for 'BlueprintGraph' in 0.0035 seconds. Added 121 classes and 0 folders.
[2020.05.16-22.50.10:968][748]LogSlate: Took 0.000204 seconds to synchronously load lazily loaded font '../../../Engine/Content/Slate/Fonts/Roboto-BoldCondensed.ttf' (158K)
[2020.05.16-22.50.11:293][749]LogSlate: Took 0.037176 seconds to synchronously load lazily loaded font '../../../Engine/Content/Slate/Fonts/Roboto-Italic.ttf' (157K)
[2020.05.16-22.50.37:688][209]LogSlate: Window 'Hand' being destroyed
[2020.05.16-22.50.37:695][209]LogSlate: Window 'Hand' being destroyed
[2020.05.16-22.50.37:697][209]LogWorld: UWorld::CleanupWorld for World_2, bSessionEnded=true, bCleanupResources=true
[2020.05.16-22.50.37:697][209]LogSlate: InvalidateAllWidgets triggered.  All widgets were invalidated
[2020.05.16-22.50.38:975][229]LogAssetEditorSubsystem: Opening Asset editor for Blueprint /Game/ExplodingKittens/Blueprints/Deck.Deck
[2020.05.16-22.50.54:124][ 27]LogAssetEditorSubsystem: Opening Asset editor for Blueprint /Game/ExplodingKittens/Blueprints/CardGameGameState.CardGameGameState
[2020.05.16-22.51.02:638][396]BlueprintLog: New page: Compile CardGameGameState
[2020.05.16-22.51.03:102][396]LogUObjectHash: Compacting FUObjectHashTables data took   4.79ms
[2020.05.16-22.52.06:966][137]BlueprintLog: New page: Compile Deck
[2020.05.16-22.52.07:303][137]LogUObjectHash: Compacting FUObjectHashTables data took   4.14ms
[2020.05.16-22.52.17:436][616]LogUObjectHash: Compacting FUObjectHashTables data took   4.20ms
[2020.05.16-22.52.17:550][616]LogUObjectHash: Compacting FUObjectHashTables data took   1.08ms
[2020.05.16-22.52.17:876][616]LogSavePackage: Moving '../../../../../../Users/sshth/Downloads/Compressed/CardGameDemoWithInterfaces_3/CardGameDemoWithInterfaces - Copy/Saved/ExampleMapAD8194294907771507A9EB85675E8FDD.tmp' to '../../../../../../Users/sshth/Downloads/Compressed/CardGameDemoWithInterfaces_3/CardGameDemoWithInterfaces - Copy/Content/ExplodingKittens/Maps/ExampleMap.umap'
[2020.05.16-22.52.17:916][616]LogFileHelpers: Saving map 'ExampleMap' took 0.415
[2020.05.16-22.52.18:014][616]LogSavePackage: Moving '../../../../../../Users/sshth/Downloads/Compressed/CardGameDemoWithInterfaces_3/CardGameDemoWithInterfaces - Copy/Saved/CardGameGameState5ED6EE5C4845FE918B4BE6976B0EDC2F.tmp' to '../../../../../../Users/sshth/Downloads/Compressed/CardGameDemoWithInterfaces_3/CardGameDemoWithInterfaces - Copy/Content/ExplodingKittens/Blueprints/CardGameGameState.uasset'
[2020.05.16-22.52.18:156][616]LogSavePackage: Moving '../../../../../../Users/sshth/Downloads/Compressed/CardGameDemoWithInterfaces_3/CardGameDemoWithInterfaces - Copy/Saved/Deck04B189CA4EB148492D894CA724F6EBD9.tmp' to '../../../../../../Users/sshth/Downloads/Compressed/CardGameDemoWithInterfaces_3/CardGameDemoWithInterfaces - Copy/Content/ExplodingKittens/Blueprints/Deck.uasset'
[2020.05.16-22.52.18:185][616]AssetCheck: New page: Asset Save: multiple assets
[2020.05.16-22.52.18:185][616]LogContentValidation: Display: Validating World /Game/ExplodingKittens/Maps/ExampleMap.ExampleMap
[2020.05.16-22.52.18:185][616]LogContentValidation: Display: Validating Blueprint /Game/ExplodingKittens/Blueprints/CardGameGameState.CardGameGameState
[2020.05.16-22.52.18:185][616]LogContentValidation: Display: Validating Blueprint /Game/ExplodingKittens/Blueprints/Deck.Deck
[2020.05.16-22.52.20:819][683]LogSlate: Window 'CardGameGameState' being destroyed
[2020.05.16-22.52.20:825][683]LogSlate: Window 'CardGameGameState' being destroyed
[2020.05.16-22.52.20:825][683]LogWorld: UWorld::CleanupWorld for World_3, bSessionEnded=true, bCleanupResources=true
[2020.05.16-22.52.20:826][683]LogSlate: InvalidateAllWidgets triggered.  All widgets were invalidated
[2020.05.16-22.52.20:927][683]LogActorComponent: UnregisterComponent: (/Engine/Transient.EditorFloorComp) Not registered. Aborting.
[2020.05.16-22.52.20:927][683]LogWorld: UWorld::CleanupWorld for World_4, bSessionEnded=true, bCleanupResources=true
[2020.05.16-22.52.20:928][683]LogSlate: InvalidateAllWidgets triggered.  All widgets were invalidated
[2020.05.16-22.52.29:400][797]LogAssetEditorSubsystem: Opening Asset editor for Blueprint /Game/ExplodingKittens/Blueprints/CardDatabase/SkipCard.SkipCard
[2020.05.16-22.52.58:043][260]BlueprintLog: New page: Compile SkipCard
[2020.05.16-22.52.58:308][260]LogUObjectHash: Compacting FUObjectHashTables data took   5.51ms
[2020.05.16-22.53.08:818][898]LogSlate: Window 'SkipCard' being destroyed
[2020.05.16-22.53.08:826][898]LogSlate: Window 'SkipCard' being destroyed
[2020.05.16-22.53.08:827][898]LogWorld: UWorld::CleanupWorld for World_14, bSessionEnded=true, bCleanupResources=true
[2020.05.16-22.53.08:827][898]LogSlate: InvalidateAllWidgets triggered.  All widgets were invalidated
[2020.05.16-22.53.10:819][922]LogAssetEditorSubsystem: Opening Asset editor for Blueprint /Game/ExplodingKittens/Blueprints/CardDatabase/AttackCard.AttackCard
[2020.05.16-22.53.12:945][  4]LogSlate: Window 'AttackCard' being destroyed
[2020.05.16-22.53.12:997][  4]LogWorld: UWorld::CleanupWorld for World_15, bSessionEnded=true, bCleanupResources=true
[2020.05.16-22.53.12:998][  4]LogSlate: InvalidateAllWidgets triggered.  All widgets were invalidated
[2020.05.16-22.53.13:855][  4]LogAssetEditorSubsystem: Opening Asset editor for Blueprint /Game/ExplodingKittens/Blueprints/CardDatabase/AttackCard.AttackCard
[2020.05.16-22.54.13:492][216]LogSlate: Took 0.037138 seconds to synchronously load lazily loaded font '../../../Engine/Content/Slate/Fonts/Roboto-BoldCondensedItalic.ttf' (160K)
[2020.05.16-22.54.26:427][ 17]BlueprintLog: New page: Compile AttackCard
[2020.05.16-22.54.26:698][ 17]LogUObjectHash: Compacting FUObjectHashTables data took   4.08ms
[2020.05.16-22.55.36:814][220]BlueprintLog: New page: Compile AttackCard
[2020.05.16-22.55.37:100][220]LogUObjectHash: Compacting FUObjectHashTables data took   5.65ms
[2020.05.16-22.55.39:204][317]LogUObjectHash: Compacting FUObjectHashTables data took   3.69ms
[2020.05.16-22.55.39:452][317]LogSavePackage: Moving '../../../../../../Users/sshth/Downloads/Compressed/CardGameDemoWithInterfaces_3/CardGameDemoWithInterfaces - Copy/Saved/AttackCardFCF804B14903DE8D7E979DB06D543743.tmp' to '../../../../../../Users/sshth/Downloads/Compressed/CardGameDemoWithInterfaces_3/CardGameDemoWithInterfaces - Copy/Content/ExplodingKittens/Blueprints/CardDatabase/AttackCard.uasset'
[2020.05.16-22.55.39:554][317]LogSavePackage: Moving '../../../../../../Users/sshth/Downloads/Compressed/CardGameDemoWithInterfaces_3/CardGameDemoWithInterfaces - Copy/Saved/SkipCard642F66EA4C7EBB7A890D82B705AA354A.tmp' to '../../../../../../Users/sshth/Downloads/Compressed/CardGameDemoWithInterfaces_3/CardGameDemoWithInterfaces - Copy/Content/ExplodingKittens/Blueprints/CardDatabase/SkipCard.uasset'
[2020.05.16-22.55.39:589][317]AssetCheck: New page: Asset Save: multiple assets
[2020.05.16-22.55.39:589][317]LogContentValidation: Display: Validating Blueprint /Game/ExplodingKittens/Blueprints/CardDatabase/AttackCard.AttackCard
[2020.05.16-22.55.39:589][317]LogContentValidation: Display: Validating Blueprint /Game/ExplodingKittens/Blueprints/CardDatabase/SkipCard.SkipCard
[2020.05.16-22.55.40:785][367]LogSlate: Window 'AttackCard' being destroyed
[2020.05.16-22.55.40:857][367]LogSlate: Window 'AttackCard' being destroyed
[2020.05.16-22.55.40:861][367]LogWorld: UWorld::CleanupWorld for World_16, bSessionEnded=true, bCleanupResources=true
[2020.05.16-22.55.40:862][367]LogSlate: InvalidateAllWidgets triggered.  All widgets were invalidated
[2020.05.17-01.53.26:102][151]LogUObjectHash: Compacting FUObjectHashTables data took 133.36ms
[2020.05.17-01.53.44:287][295]LogUObjectHash: Compacting FUObjectHashTables data took   3.78ms
[2020.05.17-01.53.44:310][295]LogMetaData: Removing '/Game/ExplodingKittens/Blueprints/FutureUI.SKEL_FutureUI_C' ref from Metadata '/Game/ExplodingKittens/Blueprints/StartUI_2.PackageMetaData'
[2020.05.17-01.53.44:310][295]LogMetaData: Removing '/Game/ExplodingKittens/Blueprints/FutureUI.FutureUI_C' ref from Metadata '/Game/ExplodingKittens/Blueprints/StartUI_2.PackageMetaData'
[2020.05.17-01.53.44:968][295]LogSavePackage: Moving '../../../../../../Users/sshth/Downloads/Compressed/CardGameDemoWithInterfaces_3/CardGameDemoWithInterfaces - Copy/Saved/FutureUIE2404CA04374562C52269C803F421E88.tmp' to '../../../../../../Users/sshth/Downloads/Compressed/CardGameDemoWithInterfaces_3/CardGameDemoWithInterfaces - Copy/Content/ExplodingKittens/Blueprints/FutureUI.uasset'
[2020.05.17-01.53.45:644][295]LogUObjectHash: Compacting FUObjectHashTables data took   5.39ms
[2020.05.17-01.53.45:737][295]LogUObjectHash: Compacting FUObjectHashTables data took  24.38ms
[2020.05.17-01.53.45:774][295]LogUObjectHash: Compacting FUObjectHashTables data took   1.80ms
[2020.05.17-01.53.46:002][295]AssetCheck: New page: Asset Save: FutureUI
[2020.05.17-01.53.46:002][295]LogContentValidation: Display: Validating WidgetBlueprint /Game/ExplodingKittens/Blueprints/FutureUI.FutureUI
[2020.05.17-01.53.46:900][305]LogAssetEditorSubsystem: Opening Asset editor for WidgetBlueprint /Game/ExplodingKittens/Blueprints/FutureUI.FutureUI
[2020.05.17-01.55.18:808][478]LogSlate: Window 'FutureUI' being destroyed
[2020.05.17-01.55.18:819][478]LogSlate: Window 'FutureUI' being destroyed
[2020.05.17-01.55.19:138][478]LogWorld: UWorld::CleanupWorld for World_18, bSessionEnded=true, bCleanupResources=true
[2020.05.17-01.55.19:155][478]LogSlate: InvalidateAllWidgets triggered.  All widgets were invalidated
[2020.05.17-01.55.19:346][478]LogWorld: UWorld::CleanupWorld for World_17, bSessionEnded=true, bCleanupResources=true
[2020.05.17-01.55.19:346][478]LogSlate: InvalidateAllWidgets triggered.  All widgets were invalidated
[2020.05.17-01.55.38:680][326]LogAssetEditorSubsystem: Opening Asset editor for WidgetBlueprint /Game/ExplodingKittens/Blueprints/StartUI.StartUI
[2020.05.17-01.57.40:254][872]LogSlate: Window 'StartUI' being destroyed
[2020.05.17-01.57.40:265][872]LogSlate: Window 'StartUI' being destroyed
[2020.05.17-01.57.40:271][872]LogWorld: UWorld::CleanupWorld for World_20, bSessionEnded=true, bCleanupResources=true
[2020.05.17-01.57.40:271][872]LogSlate: InvalidateAllWidgets triggered.  All widgets were invalidated
[2020.05.17-01.57.40:391][872]LogWorld: UWorld::CleanupWorld for World_19, bSessionEnded=true, bCleanupResources=true
[2020.05.17-01.57.40:391][872]LogSlate: InvalidateAllWidgets triggered.  All widgets were invalidated
[2020.05.17-01.57.42:882][900]LogUObjectHash: Compacting FUObjectHashTables data took   5.53ms
[2020.05.17-01.57.47:658][900]LogSlate: Window 'Delete Assets' being destroyed
